[LOG] System::create                           : Header version = 2.01.08. Current version = 2.01.08.
[LOG] Manager::init                            : maxchannels = 256 studioflags = 00000006 flags 00000000 extradriverdata 0000000000000000.
[LOG] SystemI::init                            : Initialize version=20108 (114339), maxchannels=256, flags=0x00020000
[LOG] SystemI::setOutputInternal               : Setting output to 'FMOD WASAPI Output'
[LOG] OutputWASAPI::init                       : Mix Format (WAVEFORMATEX): wFormatTag=0xFFFE, nChannels=2, nSamplesPerSec=48000, nAvgBytesPerSec=384000, nBlockAlign=8, wBitsPerSample=32, cbSize=22.
[LOG] OutputWASAPI::init                       : Mix Format (WAVEFORMATEXTENSIBLE): wValidBitsPerSample=32, dwChannelMask=0x00000003, SubFormat=00000003-0000-0010-8000-00AA00389B71.
[LOG] OutputWASAPI::init                       : Output buffer size: 4096 samples, latency: 0.00ms, period: 10.00ms, DSP buffer: 1024 * 4
[LOG] Thread::initThread                       : Init FMOD stream thread. Affinity: 0x8000000000000003, Priority: 0xFFFF7FFB, Stack Size: 98304, Semaphore: No, Sleep Time: 10, Looping: Yes.
[LOG] Thread::initThread                       : Init FMOD mixer thread. Affinity: 0x8000000000000001, Priority: 0xFFFF7FFA, Stack Size: 81920, Semaphore: No, Sleep Time: 0, Looping: Yes.
[LOG] AsyncManager::init                       : manager 000001DC5AE2BE08 isAsync 0 updatePeriod 0.02
[LOG] AsyncManager::init                       : done
[LOG] PlaybackSystem::init                     : 
[LOG] Thread::initThread                       : Init FMOD Studio sample load thread. Affinity: 0x8000000000000003, Priority: 0xFFFF7FFD, Stack Size: 98304, Semaphore: No, Sleep Time: 1, Looping: No.
[LOG] PlaybackSystem::init                     : done
[LOG] Thread::initThread                       : Init FMOD Studio bank load thread. Affinity: 0x8000000000000003, Priority: 0xFFFF7FFD, Stack Size: 98304, Semaphore: No, Sleep Time: 1, Looping: No.
[LOG] Manager::init                            : done.
[LOG] Manager::readBank                        : fileversion = 135, compatVersion = 132 (oldest = 44, newest = 135)
[LOG] Manager::readBank                        : fileversion = 135, compatVersion = 132 (oldest = 44, newest = 135)
[LOG] SoundI::release                          :  (000001DBB5272E68)
[LOG] SoundI::release                          :     Coin1 (000001DC5A7F4708)
[LOG] SoundI::release                          :  (000001DBB5270BE8)
[LOG] SoundI::release                          :     Coin2 (000001DC5A7F48A8)
[LOG] SoundI::release                          :  (000001DBB5271038)
[LOG] SoundI::release                          :     Coin3 (000001DC58D688A8)
[LOG] SoundI::release                          :  (000001DBB5270798)
[LOG] SoundI::release                          :     Coin4 (000001DC58CF1ED8)
[LOG] SoundI::release                          :  (000001DBB526F7C8)
[LOG] SoundI::release                          :     Coin5 (000001DC5A7F4568)
[LOG] SoundI::release                          :  (000001DBB526F658)
[LOG] SoundI::release                          :     Coin6 (000001DC5A7F4D88)
[LOG] SoundI::release                          :  (000001DBB5270D58)
[LOG] SoundI::release                          :     Coin7 (000001DC5A7F43C8)
[LOG] SoundI::release                          :  (000001DBB526F938)
[LOG] SoundI::release                          :     Coin8 (000001DC58CF1858)
[LOG] SoundI::release                          :  (000001DBB5270628)
[LOG] SoundI::release                          :     Coin9 (000001DC5A7F4228)
[LOG] SoundI::release                          :  (000001DBB5270A78)
[LOG] SoundI::release                          :     SFX_Death (000001DC58CF2218)
[LOG] SoundI::release                          :  (000001DBB5270068)
[LOG] SoundI::release                          :     CrystalDrop (000001DC5A7F4088)
[LOG] SoundI::release                          :  (000001DBB526F4E8)
[LOG] SoundI::release                          :     Flute (000001DC5A7F4A48)
[LOG] Thread::callback                         : FMOD Studio update thread finished.
[LOG] Thread::callback                         : FMOD Studio bank load thread finished.
[LOG] Profile::disconnectAll                   : Profiler disconnecting all clients
[LOG] Thread::callback                         : FMOD Studio sample load thread finished.
[LOG] LiveUpdate::release                      : 
[LOG] LiveUpdate::reset                        : Reset connection (reason Disconnected)
[LOG] Thread::callback                         : FMOD stream thread finished.
[LOG] Thread::callback                         : FMOD mixer thread finished.
[LOG] Profile::disconnectAll                   : Profiler disconnecting all clients
[LOG] SystemI::close                           : Closed.
